<?xml version="1.0" encoding="UTF-8"?>
<!-- Generated by org.testng.reporters.JUnitReportReporter -->
<testsuite skipped="0" hostname="Source-4443" name="utailer.Com.Test.DeshBoardTest" tests="2" failures="0" timestamp="08 Jul 2019 09:46:15 GMT" time="50.938" errors="0">
  <testcase name="verifyDasboardTitle" time="30.094" classname="utailer.Com.Test.DeshBoardTest"/>
  <testcase name="verifyMenLink" time="20.844" classname="utailer.Com.Test.DeshBoardTest"/>
</testsuite> <!-- utailer.Com.Test.DeshBoardTest -->
